11-06-2026 14:25:25 INFO  tests.GUIElementsTest - Page Title = Automation Testing Practice
11-06-2026 14:25:25 INFO  tests.GUIElementsTest - Title Validation Passed
11-06-2026 14:25:28 INFO  tests.GUIElementsTest - Form Filled Successfully
11-06-2026 14:25:28 INFO  tests.GUIElementsTest - Mouse Hover Done
11-06-2026 14:25:28 INFO  tests.GUIElementsTest - Double Click Done
11-06-2026 14:25:28 INFO  tests.GUIElementsTest - Drag And Drop Done
11-06-2026 14:25:29 INFO  tests.GUIElementsTest - Slider Done
11-06-2026 14:25:29 INFO  tests.GUIElementsTest - Single File Uploaded
11-06-2026 14:25:29 INFO  tests.GUIElementsTest - Multiple Files Uploaded
11-06-2026 14:25:29 INFO  tests.GUIElementsTest - Static Table Read
11-06-2026 14:25:29 INFO  tests.GUIElementsTest - Dynamic Table Read
11-06-2026 14:25:30 INFO  tests.GUIElementsTest - Pagination Handled
11-06-2026 14:25:30 INFO  tests.GUIElementsTest - Alerts Handled
11-06-2026 14:25:38 INFO  tests.GUIElementsTest - Window Handling Completed
11-06-2026 14:25:38 INFO  tests.GUIElementsTest - Broken Links Verified
11-06-2026 14:25:38 INFO  tests.GUIElementsTest - Screenshot Captured
11-06-2026 14:25:38 INFO  tests.GUIElementsTest - Test Passed
11-06-2026 14:53:00 INFO  tests.GUIElementsTest - Page Title = Automation Testing Practice
11-06-2026 14:53:00 INFO  tests.GUIElementsTest - Title Validation Passed
11-06-2026 14:53:01 INFO  tests.GUIElementsTest - Name = 
11-06-2026 14:53:01 INFO  tests.GUIElementsTest - Email = 
11-06-2026 14:53:01 INFO  tests.GUIElementsTest - Phone = 
11-06-2026 14:53:03 INFO  tests.GUIElementsTest - Form Filled Successfully
11-06-2026 14:53:03 INFO  tests.GUIElementsTest - Mouse Hover Done
11-06-2026 14:53:03 INFO  tests.GUIElementsTest - Double Click Done
11-06-2026 14:53:03 INFO  tests.GUIElementsTest - Drag And Drop Done
11-06-2026 14:53:04 INFO  tests.GUIElementsTest - Slider Done
11-06-2026 14:53:04 INFO  tests.GUIElementsTest - Single File Uploaded
11-06-2026 14:53:04 INFO  tests.GUIElementsTest - Multiple Files Uploaded
11-06-2026 14:53:04 INFO  tests.GUIElementsTest - Static Table Read
11-06-2026 14:53:04 INFO  tests.GUIElementsTest - Dynamic Table Read
11-06-2026 14:53:05 INFO  tests.GUIElementsTest - Pagination Handled
11-06-2026 14:53:05 INFO  tests.GUIElementsTest - Alerts Handled
11-06-2026 14:53:12 INFO  tests.GUIElementsTest - Window Handling Completed
11-06-2026 14:53:12 INFO  tests.GUIElementsTest - Broken Links Verified
11-06-2026 14:53:12 INFO  tests.GUIElementsTest - Screenshot Captured
11-06-2026 14:53:12 INFO  tests.GUIElementsTest - Test Passed
11-06-2026 14:53:38 INFO  tests.GUIElementsTest - Page Title = Automation Testing Practice
11-06-2026 14:53:38 INFO  tests.GUIElementsTest - Title Validation Passed
11-06-2026 14:53:39 INFO  tests.GUIElementsTest - Name = 
11-06-2026 14:53:39 INFO  tests.GUIElementsTest - Email = 
11-06-2026 14:53:39 INFO  tests.GUIElementsTest - Phone = 
11-06-2026 14:53:41 INFO  tests.GUIElementsTest - Form Filled Successfully
11-06-2026 14:53:41 INFO  tests.GUIElementsTest - Mouse Hover Done
11-06-2026 14:53:41 INFO  tests.GUIElementsTest - Double Click Done
11-06-2026 14:53:41 INFO  tests.GUIElementsTest - Drag And Drop Done
11-06-2026 14:53:42 INFO  tests.GUIElementsTest - Slider Done
11-06-2026 14:53:42 INFO  tests.GUIElementsTest - Single File Uploaded
11-06-2026 14:53:42 INFO  tests.GUIElementsTest - Multiple Files Uploaded
11-06-2026 14:53:42 INFO  tests.GUIElementsTest - Static Table Read
11-06-2026 14:53:42 INFO  tests.GUIElementsTest - Dynamic Table Read
11-06-2026 14:53:43 INFO  tests.GUIElementsTest - Pagination Handled
11-06-2026 14:53:43 INFO  tests.GUIElementsTest - Alerts Handled
11-06-2026 14:53:50 INFO  tests.GUIElementsTest - Window Handling Completed
11-06-2026 14:53:50 INFO  tests.GUIElementsTest - Broken Links Verified
11-06-2026 14:53:50 INFO  tests.GUIElementsTest - Screenshot Captured
11-06-2026 14:53:50 INFO  tests.GUIElementsTest - Test Passed
11-06-2026 14:58:14 INFO  tests.GUIElementsTest - Page Title = Automation Testing Practice
11-06-2026 14:58:14 INFO  tests.GUIElementsTest - Title Validation Passed
11-06-2026 14:58:14 INFO  tests.GUIElementsTest - Name = 
11-06-2026 14:58:14 INFO  tests.GUIElementsTest - Email = 
11-06-2026 14:58:14 INFO  tests.GUIElementsTest - Phone = 
11-06-2026 14:58:16 INFO  tests.GUIElementsTest - Form Filled Successfully
11-06-2026 14:58:16 INFO  tests.GUIElementsTest - Mouse Hover Done
11-06-2026 14:58:16 INFO  tests.GUIElementsTest - Double Click Done
11-06-2026 14:58:17 INFO  tests.GUIElementsTest - Drag And Drop Done
11-06-2026 14:58:17 INFO  tests.GUIElementsTest - Slider Done
11-06-2026 14:58:17 INFO  tests.GUIElementsTest - Single File Uploaded
11-06-2026 14:58:17 INFO  tests.GUIElementsTest - Multiple Files Uploaded
11-06-2026 14:58:17 INFO  tests.GUIElementsTest - Static Table Read
11-06-2026 14:58:17 INFO  tests.GUIElementsTest - Dynamic Table Read
11-06-2026 14:58:18 INFO  tests.GUIElementsTest - Pagination Handled
11-06-2026 14:58:19 INFO  tests.GUIElementsTest - Alerts Handled
11-06-2026 14:58:26 INFO  tests.GUIElementsTest - Window Handling Completed
11-06-2026 14:58:26 INFO  tests.GUIElementsTest - Broken Links Verified
11-06-2026 14:58:26 INFO  tests.GUIElementsTest - Screenshot Captured
11-06-2026 14:58:26 INFO  tests.GUIElementsTest - Test Passed
11-06-2026 15:02:55 INFO  tests.GUIElementsTest - Page Title = Automation Testing Practice
11-06-2026 15:02:55 INFO  tests.GUIElementsTest - Title Validation Passed
11-06-2026 15:02:57 INFO  tests.GUIElementsTest - Name = Prachi
11-06-2026 15:02:57 INFO  tests.GUIElementsTest - Email = prachi@gmail.com
11-06-2026 15:02:57 INFO  tests.GUIElementsTest - Phone = 9617021308
11-06-2026 15:02:59 INFO  tests.GUIElementsTest - Form Filled Successfully
11-06-2026 15:02:59 INFO  tests.GUIElementsTest - Mouse Hover Done
11-06-2026 15:02:59 INFO  tests.GUIElementsTest - Double Click Done
11-06-2026 15:02:59 INFO  tests.GUIElementsTest - Drag And Drop Done
11-06-2026 15:03:00 INFO  tests.GUIElementsTest - Slider Done
11-06-2026 15:03:00 INFO  tests.GUIElementsTest - Single File Uploaded
11-06-2026 15:03:00 INFO  tests.GUIElementsTest - Multiple Files Uploaded
11-06-2026 15:03:00 INFO  tests.GUIElementsTest - Static Table Read
11-06-2026 15:03:00 INFO  tests.GUIElementsTest - Dynamic Table Read
11-06-2026 15:03:01 INFO  tests.GUIElementsTest - Pagination Handled
11-06-2026 15:03:01 INFO  tests.GUIElementsTest - Alerts Handled
11-06-2026 15:03:09 INFO  tests.GUIElementsTest - Window Handling Completed
11-06-2026 15:03:10 INFO  tests.GUIElementsTest - Broken Links Verified
11-06-2026 15:03:10 INFO  tests.GUIElementsTest - Screenshot Captured
11-06-2026 15:03:10 INFO  tests.GUIElementsTest - Test Passed
11-06-2026 15:03:49 INFO  tests.GUIElementsTest - Page Title = Automation Testing Practice
11-06-2026 15:03:49 INFO  tests.GUIElementsTest - Title Validation Passed
11-06-2026 15:03:50 INFO  tests.GUIElementsTest - Name = Prachi
11-06-2026 15:03:50 INFO  tests.GUIElementsTest - Email = prachi@gmail.com
11-06-2026 15:03:50 INFO  tests.GUIElementsTest - Phone = 9617021308
11-06-2026 15:03:53 INFO  tests.GUIElementsTest - Form Filled Successfully
11-06-2026 15:03:53 INFO  tests.GUIElementsTest - Mouse Hover Done
11-06-2026 15:03:53 INFO  tests.GUIElementsTest - Double Click Done
11-06-2026 15:03:53 INFO  tests.GUIElementsTest - Drag And Drop Done
11-06-2026 15:03:54 INFO  tests.GUIElementsTest - Slider Done
11-06-2026 15:03:54 INFO  tests.GUIElementsTest - Single File Uploaded
11-06-2026 15:03:54 INFO  tests.GUIElementsTest - Multiple Files Uploaded
11-06-2026 15:03:54 INFO  tests.GUIElementsTest - Static Table Read
11-06-2026 15:03:54 INFO  tests.GUIElementsTest - Dynamic Table Read
11-06-2026 15:03:55 INFO  tests.GUIElementsTest - Pagination Handled
11-06-2026 15:03:55 INFO  tests.GUIElementsTest - Alerts Handled
11-06-2026 15:04:07 INFO  tests.GUIElementsTest - Window Handling Completed
11-06-2026 15:04:07 INFO  tests.GUIElementsTest - Broken Links Verified
11-06-2026 15:04:07 INFO  tests.GUIElementsTest - Screenshot Captured
11-06-2026 15:04:07 INFO  tests.GUIElementsTest - Test Passed
11-06-2026 15:12:30 INFO  tests.GUIElementsTest - Page Title = Automation Testing Practice
11-06-2026 15:12:30 INFO  tests.GUIElementsTest - Title Validation Passed
11-06-2026 15:12:32 INFO  tests.GUIElementsTest - Name = Prachi
11-06-2026 15:12:32 INFO  tests.GUIElementsTest - Email = prachi@gmail.com
11-06-2026 15:12:32 INFO  tests.GUIElementsTest - Phone = 9617021308
11-06-2026 15:12:34 INFO  tests.GUIElementsTest - Form Filled Successfully
11-06-2026 15:12:34 INFO  tests.GUIElementsTest - Mouse Hover Done
11-06-2026 15:12:34 INFO  tests.GUIElementsTest - Double Click Done
11-06-2026 15:12:35 INFO  tests.GUIElementsTest - Drag And Drop Done
11-06-2026 15:12:35 INFO  tests.GUIElementsTest - Slider Done
11-06-2026 15:12:35 INFO  tests.GUIElementsTest - Single File Uploaded
11-06-2026 15:12:35 INFO  tests.GUIElementsTest - Multiple Files Uploaded
11-06-2026 15:12:35 INFO  tests.GUIElementsTest - Static Table Read
11-06-2026 15:12:35 INFO  tests.GUIElementsTest - Dynamic Table Read
11-06-2026 15:12:36 INFO  tests.GUIElementsTest - Pagination Handled
11-06-2026 15:12:37 INFO  tests.GUIElementsTest - Alerts Handled
11-06-2026 15:12:46 INFO  tests.GUIElementsTest - Window Handling Completed
11-06-2026 15:12:46 INFO  tests.GUIElementsTest - Broken Links Verified
11-06-2026 15:12:46 INFO  tests.GUIElementsTest - Screenshot Captured
11-06-2026 15:12:46 INFO  tests.GUIElementsTest - Test Passed
11-06-2026 16:34:47 INFO  tests.GUIElementsTest - Page Title = Automation Testing Practice
11-06-2026 16:34:47 INFO  tests.GUIElementsTest - Title Validation Passed
11-06-2026 16:34:48 INFO  tests.GUIElementsTest - Name = Prachi
11-06-2026 16:34:48 INFO  tests.GUIElementsTest - Email = prachi@gmail.com
11-06-2026 16:34:48 INFO  tests.GUIElementsTest - Phone = 9617021308
11-06-2026 16:34:50 INFO  tests.GUIElementsTest - Form Filled Successfully
11-06-2026 16:34:50 INFO  tests.GUIElementsTest - Mouse Hover Done
11-06-2026 16:34:50 INFO  tests.GUIElementsTest - Double Click Done
11-06-2026 16:34:50 INFO  tests.GUIElementsTest - Drag And Drop Done
11-06-2026 16:34:51 INFO  tests.GUIElementsTest - Slider Done
11-06-2026 16:34:51 INFO  tests.GUIElementsTest - Single File Uploaded
11-06-2026 16:34:51 INFO  tests.GUIElementsTest - Multiple Files Uploaded
11-06-2026 16:34:51 INFO  tests.GUIElementsTest - Static Table Read
11-06-2026 16:34:51 INFO  tests.GUIElementsTest - Dynamic Table Read
11-06-2026 16:34:52 INFO  tests.GUIElementsTest - Pagination Handled
11-06-2026 16:34:52 INFO  tests.GUIElementsTest - Alerts Handled
11-06-2026 16:35:01 INFO  tests.GUIElementsTest - Window Handling Completed
11-06-2026 16:35:01 INFO  tests.GUIElementsTest - Broken Links Verified
11-06-2026 16:35:02 INFO  tests.GUIElementsTest - Screenshot Captured
11-06-2026 16:35:02 INFO  tests.GUIElementsTest - Test Passed
11-06-2026 16:59:19 INFO  tests.GUIElementsTest - Page Title = Automation Testing Practice
11-06-2026 16:59:19 INFO  tests.GUIElementsTest - Title Validation Passed
11-06-2026 16:59:20 INFO  tests.GUIElementsTest - Name = Prachi
11-06-2026 16:59:20 INFO  tests.GUIElementsTest - Email = prachi@gmail.com
11-06-2026 16:59:20 INFO  tests.GUIElementsTest - Phone = 9617021308
11-06-2026 16:59:22 INFO  tests.GUIElementsTest - Form Filled Successfully
11-06-2026 16:59:22 INFO  tests.GUIElementsTest - Mouse Hover Done
11-06-2026 16:59:22 INFO  tests.GUIElementsTest - Double Click Done
11-06-2026 16:59:22 INFO  tests.GUIElementsTest - Drag And Drop Done
11-06-2026 16:59:23 INFO  tests.GUIElementsTest - Slider Done
11-06-2026 16:59:23 INFO  tests.GUIElementsTest - Single File Uploaded
11-06-2026 16:59:23 INFO  tests.GUIElementsTest - Multiple Files Uploaded
11-06-2026 16:59:23 INFO  tests.GUIElementsTest - Static Table Read
11-06-2026 16:59:23 INFO  tests.GUIElementsTest - Dynamic Table Read
11-06-2026 16:59:23 INFO  tests.GUIElementsTest - Pagination Handled
11-06-2026 16:59:24 INFO  tests.GUIElementsTest - Alerts Handled
11-06-2026 16:59:31 INFO  tests.GUIElementsTest - Window Handling Completed
11-06-2026 16:59:31 INFO  tests.GUIElementsTest - Broken Links Verified
11-06-2026 16:59:31 INFO  tests.GUIElementsTest - SVG Elements Clicked
11-06-2026 16:59:31 INFO  tests.GUIElementsTest - Visitor Count Read
11-06-2026 16:59:31 INFO  tests.GUIElementsTest - Mobile Labels Verified
11-06-2026 16:59:32 INFO  tests.GUIElementsTest - Laptop Links Verified
11-06-2026 16:59:32 INFO  tests.GUIElementsTest - Screenshot Captured
11-06-2026 16:59:32 INFO  tests.GUIElementsTest - Test Passed
11-06-2026 17:15:42 INFO  tests.GUIElementsTest - Page Title = Automation Testing Practice
11-06-2026 17:15:42 INFO  tests.GUIElementsTest - Title Validation Passed
11-06-2026 17:15:43 INFO  tests.GUIElementsTest - Name = Prachi
11-06-2026 17:15:43 INFO  tests.GUIElementsTest - Email = prachi@gmail.com
11-06-2026 17:15:43 INFO  tests.GUIElementsTest - Phone = 9617021308
11-06-2026 17:15:44 INFO  tests.GUIElementsTest - Form Filled Successfully
11-06-2026 17:15:44 INFO  tests.GUIElementsTest - Mouse Hover Done
11-06-2026 17:15:44 INFO  tests.GUIElementsTest - Double Click Done
11-06-2026 17:15:45 INFO  tests.GUIElementsTest - Drag And Drop Done
11-06-2026 17:15:45 INFO  tests.GUIElementsTest - Slider Done
11-06-2026 17:16:25 INFO  tests.GUIElementsTest - Page Title = Automation Testing Practice
11-06-2026 17:16:25 INFO  tests.GUIElementsTest - Title Validation Passed
11-06-2026 17:16:25 INFO  tests.GUIElementsTest - Name = Prachi
11-06-2026 17:16:25 INFO  tests.GUIElementsTest - Email = prachi@gmail.com
11-06-2026 17:16:26 INFO  tests.GUIElementsTest - Phone = 9617021308
11-06-2026 17:16:27 INFO  tests.GUIElementsTest - Form Filled Successfully
11-06-2026 17:16:27 INFO  tests.GUIElementsTest - Mouse Hover Done
11-06-2026 17:16:27 INFO  tests.GUIElementsTest - Double Click Done
11-06-2026 17:16:28 INFO  tests.GUIElementsTest - Drag And Drop Done
11-06-2026 17:16:28 INFO  tests.GUIElementsTest - Slider Done
11-06-2026 17:18:30 INFO  tests.GUIElementsTest - Page Title = Automation Testing Practice
11-06-2026 17:18:30 INFO  tests.GUIElementsTest - Title Validation Passed
11-06-2026 17:18:31 INFO  tests.GUIElementsTest - Name = Prachi
11-06-2026 17:18:31 INFO  tests.GUIElementsTest - Email = prachi@gmail.com
11-06-2026 17:18:31 INFO  tests.GUIElementsTest - Phone = 9617021308
11-06-2026 17:18:33 INFO  tests.GUIElementsTest - Form Filled Successfully
11-06-2026 17:18:33 INFO  tests.GUIElementsTest - Mouse Hover Done
11-06-2026 17:18:33 INFO  tests.GUIElementsTest - Double Click Done
11-06-2026 17:18:33 INFO  tests.GUIElementsTest - Drag And Drop Done
11-06-2026 17:18:34 INFO  tests.GUIElementsTest - Slider Done
11-06-2026 17:18:37 INFO  tests.GUIElementsTest - Dynamic Button Handled
11-06-2026 17:18:37 INFO  tests.GUIElementsTest - Single File Uploaded
11-06-2026 17:18:37 INFO  tests.GUIElementsTest - Multiple Files Uploaded
11-06-2026 17:18:37 INFO  tests.GUIElementsTest - Static Table Read
11-06-2026 17:18:37 INFO  tests.GUIElementsTest - Dynamic Table Read
11-06-2026 17:18:38 INFO  tests.GUIElementsTest - Pagination Handled
11-06-2026 17:18:38 INFO  tests.GUIElementsTest - Alerts Handled
11-06-2026 17:18:51 INFO  tests.GUIElementsTest - Window Handling Completed
11-06-2026 17:18:51 INFO  tests.GUIElementsTest - Broken Links Verified
11-06-2026 17:18:51 INFO  tests.GUIElementsTest - SVG Elements Clicked
11-06-2026 17:18:51 INFO  tests.GUIElementsTest - Visitor Count Read
11-06-2026 17:18:51 INFO  tests.GUIElementsTest - Mobile Labels Verified
11-06-2026 17:18:52 INFO  tests.GUIElementsTest - Laptop Links Verified
11-06-2026 17:18:52 INFO  tests.GUIElementsTest - Screenshot Captured
11-06-2026 17:18:52 INFO  tests.GUIElementsTest - Test Passed
11-06-2026 17:31:16 INFO  tests.GUIElementsTest - Page Title = Automation Testing Practice
11-06-2026 17:31:16 INFO  tests.GUIElementsTest - Title Validation Passed
11-06-2026 17:31:16 INFO  tests.GUIElementsTest - Name = Prachi
11-06-2026 17:31:16 INFO  tests.GUIElementsTest - Email = prachi@gmail.com
11-06-2026 17:31:16 INFO  tests.GUIElementsTest - Phone = 9617021308
11-06-2026 17:31:18 INFO  tests.GUIElementsTest - Form Filled Successfully
11-06-2026 17:31:18 INFO  tests.GUIElementsTest - Mouse Hover Done
11-06-2026 17:31:18 INFO  tests.GUIElementsTest - Double Click Done
11-06-2026 17:31:19 INFO  tests.GUIElementsTest - Drag And Drop Done
11-06-2026 17:31:19 INFO  tests.GUIElementsTest - Slider Done
11-06-2026 17:31:22 INFO  tests.GUIElementsTest - Dynamic Button Handled
11-06-2026 17:31:22 INFO  tests.GUIElementsTest - Single File Uploaded
11-06-2026 17:31:22 INFO  tests.GUIElementsTest - Multiple Files Uploaded
11-06-2026 17:31:22 INFO  tests.GUIElementsTest - Static Table Read
11-06-2026 17:31:22 INFO  tests.GUIElementsTest - Dynamic Table Read
11-06-2026 17:31:23 INFO  tests.GUIElementsTest - Pagination Handled
11-06-2026 17:31:23 INFO  tests.GUIElementsTest - Alerts Handled
11-06-2026 17:31:30 INFO  tests.GUIElementsTest - Window Handling Completed
11-06-2026 17:31:30 INFO  tests.GUIElementsTest - Broken Links Verified
11-06-2026 17:33:39 INFO  tests.GUIElementsTest - Page Title = Automation Testing Practice
11-06-2026 17:33:39 INFO  tests.GUIElementsTest - Title Validation Passed
11-06-2026 17:33:40 INFO  tests.GUIElementsTest - Name = Prachi
11-06-2026 17:33:40 INFO  tests.GUIElementsTest - Email = prachi@gmail.com
11-06-2026 17:33:40 INFO  tests.GUIElementsTest - Phone = 9617021308
11-06-2026 17:33:41 INFO  tests.GUIElementsTest - Form Filled Successfully
11-06-2026 17:33:41 INFO  tests.GUIElementsTest - Mouse Hover Done
11-06-2026 17:33:42 INFO  tests.GUIElementsTest - Double Click Done
11-06-2026 17:33:42 INFO  tests.GUIElementsTest - Drag And Drop Done
11-06-2026 17:33:42 INFO  tests.GUIElementsTest - Slider Done
11-06-2026 17:33:45 INFO  tests.GUIElementsTest - Dynamic Button Handled
11-06-2026 17:33:45 INFO  tests.GUIElementsTest - Single File Uploaded
11-06-2026 17:33:46 INFO  tests.GUIElementsTest - Multiple Files Uploaded
11-06-2026 17:33:46 INFO  tests.GUIElementsTest - Static Table Read
11-06-2026 17:33:46 INFO  tests.GUIElementsTest - Dynamic Table Read
11-06-2026 17:33:46 INFO  tests.GUIElementsTest - Pagination Handled
11-06-2026 17:33:47 INFO  tests.GUIElementsTest - Alerts Handled
11-06-2026 17:34:01 INFO  tests.GUIElementsTest - Window Handling Completed
11-06-2026 17:34:01 INFO  tests.GUIElementsTest - Broken Links Verified
11-06-2026 17:35:23 INFO  tests.GUIElementsTest - Page Title = Automation Testing Practice
11-06-2026 17:35:23 INFO  tests.GUIElementsTest - Title Validation Passed
11-06-2026 17:35:24 INFO  tests.GUIElementsTest - Name = Prachi
11-06-2026 17:35:24 INFO  tests.GUIElementsTest - Email = prachi@gmail.com
11-06-2026 17:35:24 INFO  tests.GUIElementsTest - Phone = 9617021308
11-06-2026 17:35:25 INFO  tests.GUIElementsTest - Form Filled Successfully
11-06-2026 17:35:26 INFO  tests.GUIElementsTest - Mouse Hover Done
11-06-2026 17:35:26 INFO  tests.GUIElementsTest - Double Click Done
11-06-2026 17:35:26 INFO  tests.GUIElementsTest - Drag And Drop Done
11-06-2026 17:35:26 INFO  tests.GUIElementsTest - Slider Done
11-06-2026 17:35:30 INFO  tests.GUIElementsTest - Dynamic Button Handled
11-06-2026 17:35:30 INFO  tests.GUIElementsTest - Single File Uploaded
11-06-2026 17:35:30 INFO  tests.GUIElementsTest - Multiple Files Uploaded
11-06-2026 17:35:30 INFO  tests.GUIElementsTest - Static Table Read
11-06-2026 17:35:30 INFO  tests.GUIElementsTest - Dynamic Table Read
11-06-2026 17:35:30 INFO  tests.GUIElementsTest - Pagination Handled
11-06-2026 17:35:31 INFO  tests.GUIElementsTest - Alerts Handled
11-06-2026 17:35:37 INFO  tests.GUIElementsTest - Window Handling Completed
11-06-2026 17:35:37 INFO  tests.GUIElementsTest - Broken Links Verified
11-06-2026 17:35:38 INFO  tests.GUIElementsTest - Shadow DOM Handled
11-06-2026 17:35:38 INFO  tests.GUIElementsTest - SVG Elements Clicked
11-06-2026 17:35:38 INFO  tests.GUIElementsTest - Visitor Count Read
11-06-2026 17:35:38 INFO  tests.GUIElementsTest - Mobile Labels Verified
11-06-2026 17:35:38 INFO  tests.GUIElementsTest - Laptop Links Verified
11-06-2026 17:35:39 INFO  tests.GUIElementsTest - Screenshot Captured
11-06-2026 17:35:39 INFO  tests.GUIElementsTest - Test Passed
11-06-2026 17:36:47 INFO  tests.GUIElementsTest - Page Title = Automation Testing Practice
11-06-2026 17:36:47 INFO  tests.GUIElementsTest - Title Validation Passed
11-06-2026 17:36:47 INFO  tests.GUIElementsTest - Name = Prachi
11-06-2026 17:36:47 INFO  tests.GUIElementsTest - Email = prachi@gmail.com
11-06-2026 17:36:47 INFO  tests.GUIElementsTest - Phone = 9617021308
11-06-2026 17:36:49 INFO  tests.GUIElementsTest - Form Filled Successfully
11-06-2026 17:36:49 INFO  tests.GUIElementsTest - Mouse Hover Done
11-06-2026 17:36:49 INFO  tests.GUIElementsTest - Double Click Done
11-06-2026 17:36:50 INFO  tests.GUIElementsTest - Drag And Drop Done
11-06-2026 17:36:50 INFO  tests.GUIElementsTest - Slider Done
11-06-2026 17:36:53 INFO  tests.GUIElementsTest - Dynamic Button Handled
11-06-2026 17:36:53 INFO  tests.GUIElementsTest - Single File Uploaded
11-06-2026 17:36:53 INFO  tests.GUIElementsTest - Multiple Files Uploaded
11-06-2026 17:36:53 INFO  tests.GUIElementsTest - Static Table Read
11-06-2026 17:36:53 INFO  tests.GUIElementsTest - Dynamic Table Read
11-06-2026 17:36:54 INFO  tests.GUIElementsTest - Pagination Handled
11-06-2026 17:36:54 INFO  tests.GUIElementsTest - Alerts Handled
11-06-2026 17:37:01 INFO  tests.GUIElementsTest - Window Handling Completed
11-06-2026 17:37:01 INFO  tests.GUIElementsTest - Broken Links Verified
11-06-2026 17:37:01 INFO  tests.GUIElementsTest - Shadow DOM Handled
11-06-2026 17:37:01 INFO  tests.GUIElementsTest - SVG Elements Clicked
11-06-2026 17:37:01 INFO  tests.GUIElementsTest - Visitor Count Read
11-06-2026 17:37:01 INFO  tests.GUIElementsTest - Mobile Labels Verified
11-06-2026 17:37:02 INFO  tests.GUIElementsTest - Laptop Links Verified
11-06-2026 17:37:02 INFO  tests.GUIElementsTest - Screenshot Captured
11-06-2026 17:37:02 INFO  tests.GUIElementsTest - Test Passed
11-06-2026 17:41:19 INFO  tests.GUIElementsTest - Page Title = Automation Testing Practice
11-06-2026 17:41:19 INFO  tests.GUIElementsTest - Title Validation Passed
11-06-2026 17:41:20 INFO  tests.GUIElementsTest - Name = Prachi
11-06-2026 17:41:20 INFO  tests.GUIElementsTest - Email = prachi@gmail.com
11-06-2026 17:41:20 INFO  tests.GUIElementsTest - Phone = 9617021308
11-06-2026 17:41:21 INFO  tests.GUIElementsTest - Form Filled Successfully
11-06-2026 17:41:22 INFO  tests.GUIElementsTest - Mouse Hover Done
11-06-2026 17:41:22 INFO  tests.GUIElementsTest - Double Click Done
11-06-2026 17:41:22 INFO  tests.GUIElementsTest - Drag And Drop Done
11-06-2026 17:41:23 INFO  tests.GUIElementsTest - Slider Done
11-06-2026 17:41:26 INFO  tests.GUIElementsTest - Dynamic Button Handled
11-06-2026 17:41:26 INFO  tests.GUIElementsTest - Single File Uploaded
11-06-2026 17:41:26 INFO  tests.GUIElementsTest - Multiple Files Uploaded
11-06-2026 17:41:26 INFO  tests.GUIElementsTest - Static Table Read
11-06-2026 17:41:26 INFO  tests.GUIElementsTest - Dynamic Table Read
11-06-2026 17:41:26 INFO  tests.GUIElementsTest - Pagination Handled
11-06-2026 17:41:27 INFO  tests.GUIElementsTest - Alerts Handled
11-06-2026 17:41:33 INFO  tests.GUIElementsTest - Window Handling Completed
11-06-2026 17:41:33 INFO  tests.GUIElementsTest - Broken Links Verified
11-06-2026 17:41:33 INFO  tests.GUIElementsTest - Shadow DOM Handled
11-06-2026 17:41:33 INFO  tests.GUIElementsTest - SVG Elements Clicked
11-06-2026 17:41:33 INFO  tests.GUIElementsTest - Visitor Count Read
11-06-2026 17:41:33 INFO  tests.GUIElementsTest - Mobile Labels Verified
11-06-2026 17:41:34 INFO  tests.GUIElementsTest - Laptop Links Verified
11-06-2026 17:41:34 INFO  tests.GUIElementsTest - Screenshot Captured
11-06-2026 17:41:34 INFO  tests.GUIElementsTest - Test Passed
11-06-2026 17:46:46 INFO  tests.GUIElementsTest - Page Title = Automation Testing Practice
11-06-2026 17:46:46 INFO  tests.GUIElementsTest - Title Validation Passed
11-06-2026 17:46:47 INFO  tests.GUIElementsTest - Name = Prachi
11-06-2026 17:46:47 INFO  tests.GUIElementsTest - Email = prachi@gmail.com
11-06-2026 17:46:47 INFO  tests.GUIElementsTest - Phone = 9617021308
11-06-2026 17:46:49 INFO  tests.GUIElementsTest - Form Filled Successfully
11-06-2026 17:46:49 INFO  tests.GUIElementsTest - Mouse Hover Done
11-06-2026 17:46:49 INFO  tests.GUIElementsTest - Double Click Done
11-06-2026 17:46:50 INFO  tests.GUIElementsTest - Drag And Drop Done
11-06-2026 17:46:50 INFO  tests.GUIElementsTest - Slider Done
11-06-2026 17:46:53 INFO  tests.GUIElementsTest - Dynamic Button Handled
11-06-2026 17:46:53 INFO  tests.GUIElementsTest - Single File Uploaded
11-06-2026 17:46:53 INFO  tests.GUIElementsTest - Multiple Files Uploaded
11-06-2026 17:46:53 INFO  tests.GUIElementsTest - Static Table Read
11-06-2026 17:46:53 INFO  tests.GUIElementsTest - Dynamic Table Read
11-06-2026 17:46:54 INFO  tests.GUIElementsTest - Pagination Handled
11-06-2026 17:46:54 INFO  tests.GUIElementsTest - Alerts Handled
11-06-2026 17:47:02 INFO  tests.GUIElementsTest - Window Handling Completed
11-06-2026 17:47:02 INFO  tests.GUIElementsTest - Broken Links Verified
11-06-2026 17:47:02 INFO  tests.GUIElementsTest - Shadow DOM Handled
11-06-2026 17:47:02 INFO  tests.GUIElementsTest - Wiki Search Completed
11-06-2026 17:47:02 INFO  tests.GUIElementsTest - SVG Elements Clicked
11-06-2026 17:47:02 INFO  tests.GUIElementsTest - Visitor Count Read
11-06-2026 17:47:02 INFO  tests.GUIElementsTest - Mobile Labels Verified
11-06-2026 17:47:03 INFO  tests.GUIElementsTest - Laptop Links Verified
11-06-2026 17:47:03 INFO  tests.GUIElementsTest - Screenshot Captured
11-06-2026 17:47:03 INFO  tests.GUIElementsTest - Test Passed
11-06-2026 17:54:39 INFO  tests.GUIElementsTest - Page Title = Automation Testing Practice
11-06-2026 17:54:39 INFO  tests.GUIElementsTest - Title Validation Passed
11-06-2026 17:54:40 INFO  tests.GUIElementsTest - Name = Prachi
11-06-2026 17:54:40 INFO  tests.GUIElementsTest - Email = prachi@gmail.com
11-06-2026 17:54:40 INFO  tests.GUIElementsTest - Phone = 9617021308
11-06-2026 17:54:42 INFO  tests.GUIElementsTest - Form Filled Successfully
11-06-2026 17:54:42 INFO  tests.GUIElementsTest - Mouse Hover Done
11-06-2026 17:54:42 INFO  tests.GUIElementsTest - Double Click Done
11-06-2026 17:54:42 INFO  tests.GUIElementsTest - Drag And Drop Done
11-06-2026 17:54:43 INFO  tests.GUIElementsTest - Slider Done
11-06-2026 17:54:46 INFO  tests.GUIElementsTest - Dynamic Button Handled
11-06-2026 17:54:46 INFO  tests.GUIElementsTest - Single File Uploaded
11-06-2026 17:54:46 INFO  tests.GUIElementsTest - Multiple Files Uploaded
11-06-2026 17:54:46 INFO  tests.GUIElementsTest - Static Table Read
11-06-2026 17:54:46 INFO  tests.GUIElementsTest - Dynamic Table Read
11-06-2026 17:54:47 INFO  tests.GUIElementsTest - Pagination Handled
11-06-2026 17:54:47 INFO  tests.GUIElementsTest - Alerts Handled
11-06-2026 17:54:56 INFO  tests.GUIElementsTest - Window Handling Completed
11-06-2026 17:54:56 INFO  tests.GUIElementsTest - Broken Links Verified
11-06-2026 17:54:57 INFO  tests.GUIElementsTest - Shadow DOM Handled
11-06-2026 17:54:57 INFO  tests.GUIElementsTest - Wiki Search Completed
11-06-2026 17:54:57 INFO  tests.GUIElementsTest - SVG Elements Clicked
11-06-2026 17:54:57 INFO  tests.GUIElementsTest - Visitor Count Read
11-06-2026 17:54:57 INFO  tests.GUIElementsTest - Mobile Labels Verified
11-06-2026 17:54:58 INFO  tests.GUIElementsTest - Laptop Links Verified
11-06-2026 17:59:14 INFO  tests.GUIElementsTest - Page Title = Automation Testing Practice
11-06-2026 17:59:14 INFO  tests.GUIElementsTest - Title Validation Passed
11-06-2026 17:59:15 INFO  tests.GUIElementsTest - Name = Prachi
11-06-2026 17:59:15 INFO  tests.GUIElementsTest - Email = prachi@gmail.com
11-06-2026 17:59:15 INFO  tests.GUIElementsTest - Phone = 9617021308
11-06-2026 17:59:16 INFO  tests.GUIElementsTest - Form Filled Successfully
11-06-2026 17:59:16 INFO  tests.GUIElementsTest - Mouse Hover Done
11-06-2026 17:59:16 INFO  tests.GUIElementsTest - Double Click Done
11-06-2026 17:59:16 INFO  tests.GUIElementsTest - Drag And Drop Done
11-06-2026 17:59:17 INFO  tests.GUIElementsTest - Slider Done
11-06-2026 17:59:20 INFO  tests.GUIElementsTest - Dynamic Button Handled
11-06-2026 17:59:20 INFO  tests.GUIElementsTest - Single File Uploaded
11-06-2026 17:59:20 INFO  tests.GUIElementsTest - Multiple Files Uploaded
11-06-2026 17:59:20 INFO  tests.GUIElementsTest - Static Table Read
11-06-2026 17:59:20 INFO  tests.GUIElementsTest - Dynamic Table Read
11-06-2026 17:59:21 INFO  tests.GUIElementsTest - Pagination Handled
11-06-2026 17:59:21 INFO  tests.GUIElementsTest - Alerts Handled
11-06-2026 17:59:29 INFO  tests.GUIElementsTest - Window Handling Completed
11-06-2026 17:59:29 INFO  tests.GUIElementsTest - Broken Links Verified
11-06-2026 17:59:29 INFO  tests.GUIElementsTest - Shadow DOM Handled
11-06-2026 17:59:30 INFO  tests.GUIElementsTest - Wiki Search Completed
11-06-2026 17:59:30 INFO  tests.GUIElementsTest - SVG Elements Clicked
11-06-2026 17:59:30 INFO  tests.GUIElementsTest - Visitor Count Read
11-06-2026 17:59:30 INFO  tests.GUIElementsTest - Mobile Labels Verified
11-06-2026 17:59:30 INFO  tests.GUIElementsTest - Laptop Links Verified
11-06-2026 18:02:26 INFO  tests.GUIElementsTest - Page Title = Automation Testing Practice
11-06-2026 18:02:26 INFO  tests.GUIElementsTest - Title Validation Passed
11-06-2026 18:02:27 INFO  tests.GUIElementsTest - Name = Prachi
11-06-2026 18:02:27 INFO  tests.GUIElementsTest - Email = prachi@gmail.com
11-06-2026 18:02:27 INFO  tests.GUIElementsTest - Phone = 9617021308
11-06-2026 18:02:28 INFO  tests.GUIElementsTest - Form Filled Successfully
11-06-2026 18:02:28 INFO  tests.GUIElementsTest - Mouse Hover Done
11-06-2026 18:02:28 INFO  tests.GUIElementsTest - Double Click Done
11-06-2026 18:02:29 INFO  tests.GUIElementsTest - Drag And Drop Done
11-06-2026 18:02:29 INFO  tests.GUIElementsTest - Slider Done
11-06-2026 18:02:32 INFO  tests.GUIElementsTest - Dynamic Button Handled
11-06-2026 18:02:32 INFO  tests.GUIElementsTest - Single File Uploaded
11-06-2026 18:02:32 INFO  tests.GUIElementsTest - Multiple Files Uploaded
11-06-2026 18:02:32 INFO  tests.GUIElementsTest - Static Table Read
11-06-2026 18:02:33 INFO  tests.GUIElementsTest - Dynamic Table Read
11-06-2026 18:02:33 INFO  tests.GUIElementsTest - Pagination Handled
11-06-2026 18:02:33 INFO  tests.GUIElementsTest - Alerts Handled
11-06-2026 18:02:42 INFO  tests.GUIElementsTest - Window Handling Completed
11-06-2026 18:02:42 INFO  tests.GUIElementsTest - Broken Links Verified
11-06-2026 18:02:42 INFO  tests.GUIElementsTest - Shadow DOM Handled
11-06-2026 18:02:42 INFO  tests.GUIElementsTest - Wiki Search Completed
11-06-2026 18:02:43 INFO  tests.GUIElementsTest - SVG Elements Clicked
11-06-2026 18:02:43 INFO  tests.GUIElementsTest - Visitor Count Read
11-06-2026 18:02:43 INFO  tests.GUIElementsTest - Mobile Labels Verified
11-06-2026 18:02:43 INFO  tests.GUIElementsTest - Laptop Links Verified
11-06-2026 18:03:50 INFO  tests.GUIElementsTest - Page Title = Automation Testing Practice
11-06-2026 18:03:50 INFO  tests.GUIElementsTest - Title Validation Passed
11-06-2026 18:03:51 INFO  tests.GUIElementsTest - Name = Prachi
11-06-2026 18:03:51 INFO  tests.GUIElementsTest - Email = prachi@gmail.com
11-06-2026 18:03:51 INFO  tests.GUIElementsTest - Phone = 9617021308
11-06-2026 18:03:52 INFO  tests.GUIElementsTest - Form Filled Successfully
11-06-2026 18:03:52 INFO  tests.GUIElementsTest - Mouse Hover Done
11-06-2026 18:03:53 INFO  tests.GUIElementsTest - Double Click Done
11-06-2026 18:03:53 INFO  tests.GUIElementsTest - Drag And Drop Done
11-06-2026 18:03:53 INFO  tests.GUIElementsTest - Slider Done
11-06-2026 18:03:56 INFO  tests.GUIElementsTest - Dynamic Button Handled
11-06-2026 18:03:57 INFO  tests.GUIElementsTest - Single File Uploaded
11-06-2026 18:03:57 INFO  tests.GUIElementsTest - Multiple Files Uploaded
11-06-2026 18:03:57 INFO  tests.GUIElementsTest - Static Table Read
11-06-2026 18:03:57 INFO  tests.GUIElementsTest - Dynamic Table Read
11-06-2026 18:03:57 INFO  tests.GUIElementsTest - Pagination Handled
11-06-2026 18:03:58 INFO  tests.GUIElementsTest - Alerts Handled
11-06-2026 18:04:04 INFO  tests.GUIElementsTest - Window Handling Completed
11-06-2026 18:04:04 INFO  tests.GUIElementsTest - Broken Links Verified
11-06-2026 18:04:05 INFO  tests.GUIElementsTest - Shadow DOM Handled
11-06-2026 18:04:05 INFO  tests.GUIElementsTest - Wiki Search Completed
11-06-2026 18:04:05 INFO  tests.GUIElementsTest - SVG Elements Clicked
11-06-2026 18:04:05 INFO  tests.GUIElementsTest - Visitor Count Read
11-06-2026 18:04:05 INFO  tests.GUIElementsTest - Mobile Labels Verified
11-06-2026 18:04:06 INFO  tests.GUIElementsTest - Laptop Links Verified
11-06-2026 18:10:04 INFO  tests.GUIElementsTest - Page Title = Automation Testing Practice
11-06-2026 18:10:04 INFO  tests.GUIElementsTest - Title Validation Passed
11-06-2026 18:10:05 INFO  tests.GUIElementsTest - Name = Prachi
11-06-2026 18:10:05 INFO  tests.GUIElementsTest - Email = prachi@gmail.com
11-06-2026 18:10:05 INFO  tests.GUIElementsTest - Phone = 9617021308
11-06-2026 18:10:07 INFO  tests.GUIElementsTest - Form Filled Successfully
11-06-2026 18:10:07 INFO  tests.GUIElementsTest - Mouse Hover Done
11-06-2026 18:10:07 INFO  tests.GUIElementsTest - Double Click Done
11-06-2026 18:10:07 INFO  tests.GUIElementsTest - Drag And Drop Done
11-06-2026 18:10:08 INFO  tests.GUIElementsTest - Slider Done
11-06-2026 18:10:11 INFO  tests.GUIElementsTest - Dynamic Button Handled
11-06-2026 18:10:11 INFO  tests.GUIElementsTest - Single File Uploaded
11-06-2026 18:10:11 INFO  tests.GUIElementsTest - Multiple Files Uploaded
11-06-2026 18:10:11 INFO  tests.GUIElementsTest - Static Table Read
11-06-2026 18:10:11 INFO  tests.GUIElementsTest - Dynamic Table Read
11-06-2026 18:10:12 INFO  tests.GUIElementsTest - Pagination Handled
11-06-2026 18:10:12 INFO  tests.GUIElementsTest - Alerts Handled
11-06-2026 18:10:19 INFO  tests.GUIElementsTest - Window Handling Completed
11-06-2026 18:10:19 INFO  tests.GUIElementsTest - Broken Links Verified
11-06-2026 18:10:20 INFO  tests.GUIElementsTest - Shadow DOM Handled
11-06-2026 18:10:20 INFO  tests.GUIElementsTest - Wiki Search Completed
11-06-2026 18:10:20 INFO  tests.GUIElementsTest - SVG Elements Clicked
11-06-2026 18:10:20 INFO  tests.GUIElementsTest - Visitor Count Read
11-06-2026 18:10:20 INFO  tests.GUIElementsTest - Mobile Labels Verified
11-06-2026 18:10:21 INFO  tests.GUIElementsTest - Laptop Links Verified
11-06-2026 18:14:38 INFO  tests.GUIElementsTest - Page Title = Automation Testing Practice
11-06-2026 18:14:38 INFO  tests.GUIElementsTest - Title Validation Passed
11-06-2026 18:14:39 INFO  tests.GUIElementsTest - Name = Prachi
11-06-2026 18:14:39 INFO  tests.GUIElementsTest - Email = prachi@gmail.com
11-06-2026 18:14:39 INFO  tests.GUIElementsTest - Phone = 9617021308
11-06-2026 18:14:41 INFO  tests.GUIElementsTest - Form Filled Successfully
11-06-2026 18:14:42 INFO  tests.GUIElementsTest - Mouse Hover Done
11-06-2026 18:14:42 INFO  tests.GUIElementsTest - Double Click Done
11-06-2026 18:14:42 INFO  tests.GUIElementsTest - Drag And Drop Done
11-06-2026 18:14:42 INFO  tests.GUIElementsTest - Slider Done
11-06-2026 18:14:46 INFO  tests.GUIElementsTest - Dynamic Button Handled
11-06-2026 18:14:46 INFO  tests.GUIElementsTest - Single File Uploaded
11-06-2026 18:14:46 INFO  tests.GUIElementsTest - Multiple Files Uploaded
11-06-2026 18:14:46 INFO  tests.GUIElementsTest - Static Table Read
11-06-2026 18:14:46 INFO  tests.GUIElementsTest - Dynamic Table Read
11-06-2026 18:14:47 INFO  tests.GUIElementsTest - Pagination Handled
11-06-2026 18:14:47 INFO  tests.GUIElementsTest - Alerts Handled
11-06-2026 18:15:28 INFO  tests.GUIElementsTest - Window Handling Completed
11-06-2026 18:15:28 INFO  tests.GUIElementsTest - Broken Links Verified
11-06-2026 18:15:28 INFO  tests.GUIElementsTest - Shadow DOM Handled
11-06-2026 18:15:28 INFO  tests.GUIElementsTest - Wiki Search Completed
11-06-2026 18:15:29 INFO  tests.GUIElementsTest - SVG Elements Clicked
11-06-2026 18:15:29 INFO  tests.GUIElementsTest - Visitor Count Read
11-06-2026 18:15:29 INFO  tests.GUIElementsTest - Mobile Labels Verified
11-06-2026 18:15:30 INFO  tests.GUIElementsTest - Laptop Links Verified
11-06-2026 18:15:35 INFO  tests.GUIElementsTest - Hidden Elements AJAX Handled
11-06-2026 18:15:39 INFO  tests.GUIElementsTest - Download Files Handled
11-06-2026 18:15:39 INFO  tests.GUIElementsTest - Screenshot Captured
11-06-2026 18:15:39 INFO  tests.GUIElementsTest - Test Passed
12-06-2026 00:59:23 INFO  tests.GUIElementsTest - Page Title = Automation Testing Practice
12-06-2026 00:59:23 INFO  tests.GUIElementsTest - Title Validation Passed
12-06-2026 00:59:24 INFO  tests.GUIElementsTest - Name = Prachi
12-06-2026 00:59:24 INFO  tests.GUIElementsTest - Email = prachi@gmail.com
12-06-2026 00:59:24 INFO  tests.GUIElementsTest - Phone = 9617021308
12-06-2026 00:59:25 INFO  tests.GUIElementsTest - Form Filled Successfully
12-06-2026 00:59:25 INFO  tests.GUIElementsTest - Mouse Hover Done
12-06-2026 00:59:26 INFO  tests.GUIElementsTest - Double Click Done
12-06-2026 00:59:26 INFO  tests.GUIElementsTest - Drag And Drop Done
12-06-2026 00:59:26 INFO  tests.GUIElementsTest - Slider Done
12-06-2026 00:59:29 INFO  tests.GUIElementsTest - Dynamic Button Handled
12-06-2026 00:59:29 INFO  tests.GUIElementsTest - Single File Uploaded
12-06-2026 00:59:29 INFO  tests.GUIElementsTest - Multiple Files Uploaded
12-06-2026 00:59:30 INFO  tests.GUIElementsTest - Static Table Read
12-06-2026 00:59:30 INFO  tests.GUIElementsTest - Dynamic Table Read
12-06-2026 00:59:30 INFO  tests.GUIElementsTest - Pagination Handled
12-06-2026 00:59:31 INFO  tests.GUIElementsTest - Alerts Handled
12-06-2026 00:59:40 INFO  tests.GUIElementsTest - Window Handling Completed
12-06-2026 00:59:40 INFO  tests.GUIElementsTest - Broken Links Verified
12-06-2026 00:59:40 INFO  tests.GUIElementsTest - Shadow DOM Handled
12-06-2026 00:59:40 INFO  tests.GUIElementsTest - Wiki Search Completed
12-06-2026 00:59:41 INFO  tests.GUIElementsTest - SVG Elements Clicked
12-06-2026 00:59:41 INFO  tests.GUIElementsTest - Visitor Count Read
12-06-2026 00:59:41 INFO  tests.GUIElementsTest - Mobile Labels Verified
12-06-2026 00:59:41 INFO  tests.GUIElementsTest - Laptop Links Verified
12-06-2026 00:59:45 INFO  tests.GUIElementsTest - Hidden Elements AJAX Handled
12-06-2026 00:59:47 INFO  tests.GUIElementsTest - Download Files Handled
12-06-2026 00:59:47 INFO  tests.GUIElementsTest - Screenshot Captured
12-06-2026 00:59:47 INFO  tests.GUIElementsTest - Test Passed
12-06-2026 01:15:19 INFO  tests.GUIElementsTest - Page Title = Automation Testing Practice
12-06-2026 01:15:19 INFO  tests.GUIElementsTest - Title Validation Passed
12-06-2026 01:15:20 INFO  tests.GUIElementsTest - Name = Prachi
12-06-2026 01:15:20 INFO  tests.GUIElementsTest - Email = prachi@gmail.com
12-06-2026 01:15:20 INFO  tests.GUIElementsTest - Phone = 9617021308
12-06-2026 01:15:21 INFO  tests.GUIElementsTest - Form Filled Successfully
12-06-2026 01:15:21 INFO  tests.GUIElementsTest - Mouse Hover Done
12-06-2026 01:15:21 INFO  tests.GUIElementsTest - Double Click Done
12-06-2026 01:15:22 INFO  tests.GUIElementsTest - Drag And Drop Done
12-06-2026 01:15:22 INFO  tests.GUIElementsTest - Slider Done
12-06-2026 01:15:25 INFO  tests.GUIElementsTest - Dynamic Button Handled
12-06-2026 01:15:25 INFO  tests.GUIElementsTest - Single File Uploaded
12-06-2026 01:15:25 INFO  tests.GUIElementsTest - Multiple Files Uploaded
12-06-2026 01:15:25 INFO  tests.GUIElementsTest - Static Table Read
12-06-2026 01:15:26 INFO  tests.GUIElementsTest - Dynamic Table Read
12-06-2026 01:15:26 INFO  tests.GUIElementsTest - Pagination Handled
12-06-2026 01:15:26 INFO  tests.GUIElementsTest - Alerts Handled
12-06-2026 01:15:35 INFO  tests.GUIElementsTest - Window Handling Completed
12-06-2026 01:15:36 INFO  tests.GUIElementsTest - Broken Links Verified
12-06-2026 01:15:36 INFO  tests.GUIElementsTest - Shadow DOM Handled
12-06-2026 01:15:36 INFO  tests.GUIElementsTest - Wiki Search Completed
12-06-2026 01:15:36 INFO  tests.GUIElementsTest - SVG Elements Clicked
12-06-2026 01:15:36 INFO  tests.GUIElementsTest - Visitor Count Read
12-06-2026 01:15:36 INFO  tests.GUIElementsTest - Mobile Labels Verified
12-06-2026 01:15:37 INFO  tests.GUIElementsTest - Laptop Links Verified
12-06-2026 01:15:41 INFO  tests.GUIElementsTest - Hidden Elements AJAX Handled
12-06-2026 01:15:43 INFO  tests.GUIElementsTest - Download Files Handled
12-06-2026 01:15:44 INFO  tests.GUIElementsTest - Section Forms Handled
12-06-2026 01:15:44 INFO  tests.GUIElementsTest - Screenshot Captured
12-06-2026 01:15:44 INFO  tests.GUIElementsTest - Test Passed
12-06-2026 01:18:33 INFO  tests.GUIElementsTest - Page Title = Automation Testing Practice
12-06-2026 01:18:33 INFO  tests.GUIElementsTest - Title Validation Passed
12-06-2026 01:18:33 INFO  tests.GUIElementsTest - Name = Prachi
12-06-2026 01:18:34 INFO  tests.GUIElementsTest - Email = prachi@gmail.com
12-06-2026 01:18:34 INFO  tests.GUIElementsTest - Phone = 9617021308
12-06-2026 01:18:35 INFO  tests.GUIElementsTest - Form Filled Successfully
12-06-2026 01:18:35 INFO  tests.GUIElementsTest - Mouse Hover Done
12-06-2026 01:18:35 INFO  tests.GUIElementsTest - Double Click Done
12-06-2026 01:18:36 INFO  tests.GUIElementsTest - Drag And Drop Done
12-06-2026 01:18:36 INFO  tests.GUIElementsTest - Slider Done
12-06-2026 01:18:39 INFO  tests.GUIElementsTest - Dynamic Button Handled
12-06-2026 01:18:39 INFO  tests.GUIElementsTest - Single File Uploaded
12-06-2026 01:18:39 INFO  tests.GUIElementsTest - Multiple Files Uploaded
12-06-2026 01:18:40 INFO  tests.GUIElementsTest - Static Table Read
12-06-2026 01:18:40 INFO  tests.GUIElementsTest - Dynamic Table Read
12-06-2026 01:18:40 INFO  tests.GUIElementsTest - Pagination Handled
12-06-2026 01:18:41 INFO  tests.GUIElementsTest - Alerts Handled
12-06-2026 01:18:51 INFO  tests.GUIElementsTest - Window Handling Completed
12-06-2026 01:18:51 INFO  tests.GUIElementsTest - Broken Links Verified
12-06-2026 01:18:52 INFO  tests.GUIElementsTest - Shadow DOM Handled
12-06-2026 01:18:52 INFO  tests.GUIElementsTest - Wiki Search Completed
12-06-2026 01:18:52 INFO  tests.GUIElementsTest - SVG Elements Clicked
12-06-2026 01:18:52 INFO  tests.GUIElementsTest - Visitor Count Read
12-06-2026 01:18:52 INFO  tests.GUIElementsTest - Mobile Labels Verified
12-06-2026 01:18:53 INFO  tests.GUIElementsTest - Laptop Links Verified
12-06-2026 01:18:58 INFO  tests.GUIElementsTest - Hidden Elements AJAX Handled
12-06-2026 01:19:01 INFO  tests.GUIElementsTest - Download Files Handled
12-06-2026 01:19:01 INFO  tests.GUIElementsTest - Section Forms Handled
12-06-2026 01:19:01 INFO  tests.GUIElementsTest - Screenshot Captured
12-06-2026 01:19:01 INFO  tests.GUIElementsTest - Test Passed
12-06-2026 01:25:55 INFO  tests.GUIElementsTest - Page Title = Automation Testing Practice
12-06-2026 01:25:55 INFO  tests.GUIElementsTest - Title Validation Passed
12-06-2026 01:25:56 INFO  tests.GUIElementsTest - Name = Prachi
12-06-2026 01:25:56 INFO  tests.GUIElementsTest - Email = prachi@gmail.com
12-06-2026 01:25:56 INFO  tests.GUIElementsTest - Phone = 9617021308
12-06-2026 01:25:57 INFO  tests.GUIElementsTest - Form Filled Successfully
12-06-2026 01:25:57 INFO  tests.GUIElementsTest - Mouse Hover Done
12-06-2026 01:25:58 INFO  tests.GUIElementsTest - Double Click Done
12-06-2026 01:25:58 INFO  tests.GUIElementsTest - Drag And Drop Done
12-06-2026 01:25:58 INFO  tests.GUIElementsTest - Slider Done
12-06-2026 01:26:02 INFO  tests.GUIElementsTest - Dynamic Button Handled
12-06-2026 01:26:02 INFO  tests.GUIElementsTest - Single File Uploaded
12-06-2026 01:26:02 INFO  tests.GUIElementsTest - Multiple Files Uploaded
12-06-2026 01:26:02 INFO  tests.GUIElementsTest - Static Table Read
12-06-2026 01:26:02 INFO  tests.GUIElementsTest - Dynamic Table Read
12-06-2026 01:26:02 INFO  tests.GUIElementsTest - Pagination Handled
12-06-2026 01:26:03 INFO  tests.GUIElementsTest - Alerts Handled
12-06-2026 01:28:24 INFO  tests.GUIElementsTest - Page Title = Automation Testing Practice
12-06-2026 01:28:24 INFO  tests.GUIElementsTest - Title Validation Passed
12-06-2026 01:28:25 INFO  tests.GUIElementsTest - Name = Prachi
12-06-2026 01:28:25 INFO  tests.GUIElementsTest - Email = prachi@gmail.com
12-06-2026 01:28:25 INFO  tests.GUIElementsTest - Phone = 9617021308
12-06-2026 01:28:27 INFO  tests.GUIElementsTest - Form Filled Successfully
12-06-2026 01:28:27 INFO  tests.GUIElementsTest - Mouse Hover Done
12-06-2026 01:28:27 INFO  tests.GUIElementsTest - Double Click Done
12-06-2026 01:28:27 INFO  tests.GUIElementsTest - Drag And Drop Done
12-06-2026 01:28:28 INFO  tests.GUIElementsTest - Slider Done
12-06-2026 01:28:31 INFO  tests.GUIElementsTest - Dynamic Button Handled
12-06-2026 01:28:31 INFO  tests.GUIElementsTest - Single File Uploaded
12-06-2026 01:28:31 INFO  tests.GUIElementsTest - Multiple Files Uploaded
12-06-2026 01:28:31 INFO  tests.GUIElementsTest - Static Table Read
12-06-2026 01:28:31 INFO  tests.GUIElementsTest - Dynamic Table Read
12-06-2026 01:28:32 INFO  tests.GUIElementsTest - Pagination Handled
12-06-2026 01:28:32 INFO  tests.GUIElementsTest - Alerts Handled
12-06-2026 01:29:38 INFO  tests.GUIElementsTest - Window Handling Completed
12-06-2026 01:29:38 INFO  tests.GUIElementsTest - Broken Links Verified
12-06-2026 01:29:38 INFO  tests.GUIElementsTest - Shadow DOM Handled
12-06-2026 01:29:38 INFO  tests.GUIElementsTest - Wiki Search Completed
12-06-2026 01:29:39 INFO  tests.GUIElementsTest - SVG Elements Clicked
12-06-2026 01:29:39 INFO  tests.GUIElementsTest - Visitor Count Read
12-06-2026 01:29:39 INFO  tests.GUIElementsTest - Mobile Labels Verified
12-06-2026 01:29:39 INFO  tests.GUIElementsTest - Laptop Links Verified
12-06-2026 01:29:45 INFO  tests.GUIElementsTest - Hidden Elements AJAX Handled
12-06-2026 01:29:47 INFO  tests.GUIElementsTest - Download Files Handled
12-06-2026 01:29:47 INFO  tests.GUIElementsTest - Section Forms Handled
12-06-2026 01:29:47 INFO  tests.GUIElementsTest - Screenshot Captured
12-06-2026 01:29:47 INFO  tests.GUIElementsTest - Test Passed
12-06-2026 01:31:02 INFO  tests.GUIElementsTest - Page Title = Automation Testing Practice
12-06-2026 01:31:02 INFO  tests.GUIElementsTest - Title Validation Passed
12-06-2026 01:31:03 INFO  tests.GUIElementsTest - Name = Prachi
12-06-2026 01:31:03 INFO  tests.GUIElementsTest - Email = prachi@gmail.com
12-06-2026 01:31:03 INFO  tests.GUIElementsTest - Phone = 9617021308
12-06-2026 01:31:04 INFO  tests.GUIElementsTest - Form Filled Successfully
12-06-2026 01:31:04 INFO  tests.GUIElementsTest - Mouse Hover Done
12-06-2026 01:31:05 INFO  tests.GUIElementsTest - Double Click Done
12-06-2026 01:31:05 INFO  tests.GUIElementsTest - Drag And Drop Done
12-06-2026 01:31:05 INFO  tests.GUIElementsTest - Slider Done
12-06-2026 01:31:08 INFO  tests.GUIElementsTest - Dynamic Button Handled
12-06-2026 01:31:08 INFO  tests.GUIElementsTest - Single File Uploaded
12-06-2026 01:31:09 INFO  tests.GUIElementsTest - Multiple Files Uploaded
12-06-2026 01:31:09 INFO  tests.GUIElementsTest - Static Table Read
12-06-2026 01:31:09 INFO  tests.GUIElementsTest - Dynamic Table Read
12-06-2026 01:31:09 INFO  tests.GUIElementsTest - Pagination Handled
12-06-2026 01:31:10 INFO  tests.GUIElementsTest - Alerts Handled
12-06-2026 01:31:18 INFO  tests.GUIElementsTest - Window Handling Completed
12-06-2026 01:31:18 INFO  tests.GUIElementsTest - Broken Links Verified
12-06-2026 01:31:18 INFO  tests.GUIElementsTest - Shadow DOM Handled
12-06-2026 01:31:18 INFO  tests.GUIElementsTest - Wiki Search Completed
12-06-2026 01:31:19 INFO  tests.GUIElementsTest - SVG Elements Clicked
12-06-2026 01:31:19 INFO  tests.GUIElementsTest - Visitor Count Read
12-06-2026 01:31:19 INFO  tests.GUIElementsTest - Mobile Labels Verified
12-06-2026 01:31:19 INFO  tests.GUIElementsTest - Laptop Links Verified
12-06-2026 01:31:24 INFO  tests.GUIElementsTest - Hidden Elements AJAX Handled
12-06-2026 01:31:27 INFO  tests.GUIElementsTest - Download Files Handled
12-06-2026 01:31:27 INFO  tests.GUIElementsTest - Section Forms Handled
12-06-2026 01:31:27 INFO  tests.GUIElementsTest - Screenshot Captured
12-06-2026 01:31:27 INFO  tests.GUIElementsTest - Test Passed
